Using pre-set license

 COMMAND LINE ARGUMENTS:
/Applications/Unity/Unity.app/Contents/MacOS/Unity
-adb2
-batchMode
-noUpm
-name
AssetImportWorker0
-projectPath
/Users/game3-21/Desktop/Create with Code/Lab
-logFile
Logs/AssetImportWorker0.log
-srvPort
63760
Successfully changed project path to: /Users/game3-21/Desktop/Create with Code/Lab
/Users/game3-21/Desktop/Create with Code/Lab
Using Asset Import Pipeline V2.
Refreshing native plugins compatible for Editor in 63.28 ms, found 1 plugins.
Preloading 0 native plugins for Editor in 0.00 ms.
Initialize engine version: 2021.1.6f1 (c0fade0cc7e9)
[Subsystems] Discovering subsystems at path /Applications/Unity/Unity.app/Contents/Resources/UnitySubsystems
[Subsystems] Discovering subsystems at path /Users/game3-21/Desktop/Create with Code/Lab/Assets
GfxDevice: creating device client; threaded=0; jobified=0
2022-12-13 12:35:20.463 Unity[13195:5043765] iMac preferred device: AMD Radeon Pro 5300 (high power)
2022-12-13 12:35:20.463 Unity[13195:5043765] Metal devices available: 1
2022-12-13 12:35:20.463 Unity[13195:5043765] 0: AMD Radeon Pro 5300 (high power)
2022-12-13 12:35:20.464 Unity[13195:5043765] Using device AMD Radeon Pro 5300 (high power)
Initializing Metal device caps: AMD Radeon Pro 5300
Initialize mono
Mono path[0] = '/Applications/Unity/Unity.app/Contents/Managed'
Mono path[1] = '/Applications/Unity/Unity.app/Contents/MonoBleedingEdge/lib/mono/unityjit'
Mono config path = '/Applications/Unity/Unity.app/Contents/MonoBleedingEdge/etc'
Using monoOptions --debugger-agent=transport=dt_socket,embedding=1,server=y,suspend=n,address=127.0.0.1:56195
Begin MonoManager ReloadAssembly
Registering precompiled unity dll's ...
Register platform support module: /Applications/Unity/Unity.app/Contents/PlaybackEngines/MacStandaloneSupport/UnityEditor.OSXStandalone.Extensions.dll
Registered in 0.002258 seconds.
Native extension for OSXStandalone target not found
Refreshing native plugins compatible for Editor in 62.68 ms, found 1 plugins.
Preloading 0 native plugins for Editor in 0.00 ms.
Mono: successfully reloaded assembly
- Completed reload, in  2.617 seconds
Platform modules already initialized, skipping
Registering precompiled user dll's ...
Registered in 0.004626 seconds.
Begin MonoManager ReloadAssembly
Native extension for OSXStandalone target not found
Refreshing native plugins compatible for Editor in 0.47 ms, found 1 plugins.
Preloading 0 native plugins for Editor in 0.00 ms.
Mono: successfully reloaded assembly
- Completed reload, in  1.010 seconds
Platform modules already initialized, skipping
========================================================================
Worker process is ready to serve import requests
Launching external process: /Applications/Unity/Unity.app/Contents/Tools/UnityShaderCompiler
Launched and connected shader compiler UnityShaderCompiler after 0.04 seconds
Refreshing native plugins compatible for Editor in 0.46 ms, found 1 plugins.
Preloading 0 native plugins for Editor in 0.00 ms.
Unloading 2666 Unused Serialized files (Serialized files now loaded: 0)
System memory in use before: 164.9 MB.
System memory in use after: 165.0 MB.

Unloading 15 unused Assets to reduce memory usage. Loaded Objects now: 3118.
Total: 1.950604 ms (FindLiveObjects: 0.209458 ms CreateObjectMapping: 0.095344 ms MarkObjects: 1.580570 ms  DeleteObjects: 0.064285 ms)

========================================================================
Received Import Request.
  path: Assets/Robot_Soldier/Materials/Robot_Soldier_Black.mat
  artifactKey: Guid(d5aafb5ec9da01242b0ee1cf8e1b5945) Importer(815301076,1909f56bfc062723c751e8b465ee728b)
Start importing Assets/Robot_Soldier/Materials/Robot_Soldier_Black.mat using Guid(d5aafb5ec9da01242b0ee1cf8e1b5945) Importer(815301076,1909f56bfc062723c751e8b465ee728b)  -> (artifact id: '1096180d568c9c7cc17e946dd94670b1') in 1.535836 seconds 
========================================================================
Received Import Request.
  Time since last request: 0.000167 seconds.
  path: Assets/Robot_Soldier/Materials/Robot_Soldier_Green.mat
  artifactKey: Guid(edc28d4cd35704248a4d6909e8092b34) Importer(815301076,1909f56bfc062723c751e8b465ee728b)
Start importing Assets/Robot_Soldier/Materials/Robot_Soldier_Green.mat using Guid(edc28d4cd35704248a4d6909e8092b34) Importer(815301076,1909f56bfc062723c751e8b465ee728b)  -> (artifact id: 'b5d6bc8d5484bfd0c73ee23ab1fbed14') in 0.141797 seconds 
========================================================================
Received Import Request.
  Time since last request: 0.000172 seconds.
  path: Assets/Robot_Soldier/Materials/Robot_Soldier_Red.mat
  artifactKey: Guid(5bfae0fb4183d0946962f5ab68bdcf31) Importer(815301076,1909f56bfc062723c751e8b465ee728b)
Start importing Assets/Robot_Soldier/Materials/Robot_Soldier_Red.mat using Guid(5bfae0fb4183d0946962f5ab68bdcf31) Importer(815301076,1909f56bfc062723c751e8b465ee728b)  -> (artifact id: '04aff2e066e54b6893dda686c1a94086') in 0.107478 seconds 
========================================================================
Received Import Request.
  Time since last request: 0.000162 seconds.
  path: Assets/Robot_Soldier/Materials/Robot_Soldier_White.mat
  artifactKey: Guid(664d3304bbcfc90499aae4313f7eb929) Importer(815301076,1909f56bfc062723c751e8b465ee728b)
Start importing Assets/Robot_Soldier/Materials/Robot_Soldier_White.mat using Guid(664d3304bbcfc90499aae4313f7eb929) Importer(815301076,1909f56bfc062723c751e8b465ee728b)  -> (artifact id: '013397326cd1287ab385851050bfe86b') in 0.108618 seconds 
========================================================================
Received Import Request.
  Time since last request: 0.000377 seconds.
  path: Assets/Robot_Soldier/Materials
  artifactKey: Guid(3f484f73fa001fc4caa21e39ffe7fff2) Importer(815301076,1909f56bfc062723c751e8b465ee728b)
Start importing Assets/Robot_Soldier/Materials using Guid(3f484f73fa001fc4caa21e39ffe7fff2) Importer(815301076,1909f56bfc062723c751e8b465ee728b)  -> (artifact id: 'ebdb59eb97c64915222735cc51acc819') in 0.001030 seconds 
========================================================================
Received Import Request.
  Time since last request: 0.000136 seconds.
  path: Assets/Robot_Soldier/Materials/Robot_Rifle.mat
  artifactKey: Guid(58c2cf994000c2e459d502d5b1700f29) Importer(815301076,1909f56bfc062723c751e8b465ee728b)
Start importing Assets/Robot_Soldier/Materials/Robot_Rifle.mat using Guid(58c2cf994000c2e459d502d5b1700f29) Importer(815301076,1909f56bfc062723c751e8b465ee728b)  -> (artifact id: '4e6c909060ab80888a2f0396f032ad1c') in 0.246164 seconds 
========================================================================
Received Import Request.
  Time since last request: 0.000131 seconds.
  path: Assets/Robot_Soldier/Materials/Robot_Soldier_Camo1.mat
  artifactKey: Guid(7655bd330033f864d8d47fade18486b9) Importer(815301076,1909f56bfc062723c751e8b465ee728b)
Start importing Assets/Robot_Soldier/Materials/Robot_Soldier_Camo1.mat using Guid(7655bd330033f864d8d47fade18486b9) Importer(815301076,1909f56bfc062723c751e8b465ee728b)  -> (artifact id: '5d5ed19afb9d4f4136b267444da0a953') in 0.121105 seconds 
========================================================================
Received Import Request.
  Time since last request: 0.000180 seconds.
  path: Assets/Robot_Soldier/Materials/Robot_Soldier_Camo2.mat
  artifactKey: Guid(8312736b2b14588498d33a00a622c8d0) Importer(815301076,1909f56bfc062723c751e8b465ee728b)
Start importing Assets/Robot_Soldier/Materials/Robot_Soldier_Camo2.mat using Guid(8312736b2b14588498d33a00a622c8d0) Importer(815301076,1909f56bfc062723c751e8b465ee728b)  -> (artifact id: '1787f4dd6aef33007d0afb1531d705cc') in 0.110994 seconds 
========================================================================
Received Import Request.
  Time since last request: 0.000176 seconds.
  path: Assets/Robot_Soldier/Materials/Robot_Soldier_Blue.mat
  artifactKey: Guid(1654ec2413acdbd4481c58b3371dbec3) Importer(815301076,1909f56bfc062723c751e8b465ee728b)
Start importing Assets/Robot_Soldier/Materials/Robot_Soldier_Blue.mat using Guid(1654ec2413acdbd4481c58b3371dbec3) Importer(815301076,1909f56bfc062723c751e8b465ee728b)  -> (artifact id: 'be147131b94de326ef25f9223fceed45') in 0.111496 seconds 
========================================================================
Received Import Request.
  Time since last request: 0.000186 seconds.
  path: Assets/Robot_Soldier/Materials/Floor.mat
  artifactKey: Guid(ff711c43fd3d587448442dd3bff75ecb) Importer(815301076,1909f56bfc062723c751e8b465ee728b)
Start importing Assets/Robot_Soldier/Materials/Floor.mat using Guid(ff711c43fd3d587448442dd3bff75ecb) Importer(815301076,1909f56bfc062723c751e8b465ee728b)  -> (artifact id: 'ef580cc9ae3698bf933ed5342373c4c7') in 0.390067 seconds 
