Using pre-set license

 COMMAND LINE ARGUMENTS:
/Applications/Unity/Unity.app/Contents/MacOS/Unity
-adb2
-batchMode
-noUpm
-name
AssetImportWorker0
-projectPath
/Users/game3-21/Desktop/Create with Code/Lab
-logFile
Logs/AssetImportWorker0.log
-srvPort
52124
Successfully changed project path to: /Users/game3-21/Desktop/Create with Code/Lab
/Users/game3-21/Desktop/Create with Code/Lab
Using Asset Import Pipeline V2.
Refreshing native plugins compatible for Editor in 64.14 ms, found 1 plugins.
Preloading 0 native plugins for Editor in 0.00 ms.
Initialize engine version: 2021.1.6f1 (c0fade0cc7e9)
[Subsystems] Discovering subsystems at path /Applications/Unity/Unity.app/Contents/Resources/UnitySubsystems
[Subsystems] Discovering subsystems at path /Users/game3-21/Desktop/Create with Code/Lab/Assets
GfxDevice: creating device client; threaded=0; jobified=0
2023-03-14 12:21:14.593 Unity[8837:201206] iMac preferred device: AMD Radeon Pro 5300 (high power)
2023-03-14 12:21:14.593 Unity[8837:201206] Metal devices available: 1
2023-03-14 12:21:14.593 Unity[8837:201206] 0: AMD Radeon Pro 5300 (high power)
2023-03-14 12:21:14.593 Unity[8837:201206] Using device AMD Radeon Pro 5300 (high power)
Initializing Metal device caps: AMD Radeon Pro 5300
Initialize mono
Mono path[0] = '/Applications/Unity/Unity.app/Contents/Managed'
Mono path[1] = '/Applications/Unity/Unity.app/Contents/MonoBleedingEdge/lib/mono/unityjit'
Mono config path = '/Applications/Unity/Unity.app/Contents/MonoBleedingEdge/etc'
Using monoOptions --debugger-agent=transport=dt_socket,embedding=1,server=y,suspend=n,address=127.0.0.1:56837
Begin MonoManager ReloadAssembly
Registering precompiled unity dll's ...
Register platform support module: /Applications/Unity/Unity.app/Contents/PlaybackEngines/MacStandaloneSupport/UnityEditor.OSXStandalone.Extensions.dll
Registered in 0.001150 seconds.
Native extension for OSXStandalone target not found
Refreshing native plugins compatible for Editor in 63.21 ms, found 1 plugins.
Preloading 0 native plugins for Editor in 0.00 ms.
Mono: successfully reloaded assembly
- Completed reload, in  2.229 seconds
Platform modules already initialized, skipping
Registering precompiled user dll's ...
Registered in 0.003348 seconds.
Begin MonoManager ReloadAssembly
Native extension for OSXStandalone target not found
Refreshing native plugins compatible for Editor in 0.43 ms, found 1 plugins.
Preloading 0 native plugins for Editor in 0.00 ms.
Mono: successfully reloaded assembly
- Completed reload, in  1.023 seconds
Platform modules already initialized, skipping
========================================================================
Worker process is ready to serve import requests
Launching external process: /Applications/Unity/Unity.app/Contents/Tools/UnityShaderCompiler
Launched and connected shader compiler UnityShaderCompiler after 0.02 seconds
Refreshing native plugins compatible for Editor in 0.43 ms, found 1 plugins.
Preloading 0 native plugins for Editor in 0.00 ms.
Unloading 2666 Unused Serialized files (Serialized files now loaded: 0)
System memory in use before: 165.7 MB.
System memory in use after: 165.8 MB.

Unloading 15 unused Assets to reduce memory usage. Loaded Objects now: 3119.
Total: 2.867580 ms (FindLiveObjects: 0.391648 ms CreateObjectMapping: 0.170843 ms MarkObjects: 2.161336 ms  DeleteObjects: 0.142671 ms)

========================================================================
Received Import Request.
  path: Assets/Prefabs
  artifactKey: Guid(fd37788154ff744d881d252306c13575) Importer(815301076,1909f56bfc062723c751e8b465ee728b)
Start importing Assets/Prefabs using Guid(fd37788154ff744d881d252306c13575) Importer(815301076,1909f56bfc062723c751e8b465ee728b)  -> (artifact id: '93c848083f465b4c2e711465f36138c4') in 0.004742 seconds 
========================================================================
Received Import Request.
  Time since last request: 0.554450 seconds.
  path: Assets/Prefabs/Player.prefab
  artifactKey: Guid(cc2902483efa54e569853b56303ecec9) Importer(815301076,1909f56bfc062723c751e8b465ee728b)
Start importing Assets/Prefabs/Player.prefab using Guid(cc2902483efa54e569853b56303ecec9) Importer(815301076,1909f56bfc062723c751e8b465ee728b)  -> (artifact id: '1c377029a377783a56230ae92b39eb1d') in 1.291586 seconds 
========================================================================
Received Import Request.
  Time since last request: 172.423586 seconds.
  path: Assets/Robot_Soldier/Textures/Rifle_BaseColor.png
  artifactKey: Guid(6505220b3c5d1e64b97e4375583670ed) Importer(815301076,1909f56bfc062723c751e8b465ee728b)
Start importing Assets/Robot_Soldier/Textures/Rifle_BaseColor.png using Guid(6505220b3c5d1e64b97e4375583670ed) Importer(815301076,1909f56bfc062723c751e8b465ee728b)  -> (artifact id: '577274dd150498461d6f934d4ce73119') in 0.804686 seconds 
========================================================================
Received Import Request.
  Time since last request: 0.000168 seconds.
  path: Assets/Robot_Soldier/Textures/Robot_Soldier_Occlusion.png
  artifactKey: Guid(8c006ec7e7943be43b8afb3f8df57800) Importer(815301076,1909f56bfc062723c751e8b465ee728b)
Start importing Assets/Robot_Soldier/Textures/Robot_Soldier_Occlusion.png using Guid(8c006ec7e7943be43b8afb3f8df57800) Importer(815301076,1909f56bfc062723c751e8b465ee728b)  -> (artifact id: 'acfee07593df99682eb765d2f52451c1') in 0.019818 seconds 
========================================================================
Received Import Request.
  Time since last request: 0.000125 seconds.
  path: Assets/Robot_Soldier/Textures/Rifle_Metallic.png
  artifactKey: Guid(c91a9fac09c9e1c46be91fba525b5034) Importer(815301076,1909f56bfc062723c751e8b465ee728b)
Start importing Assets/Robot_Soldier/Textures/Rifle_Metallic.png using Guid(c91a9fac09c9e1c46be91fba525b5034) Importer(815301076,1909f56bfc062723c751e8b465ee728b)  -> (artifact id: 'fd4ed3b5ca17aee942413e7ac33b19c9') in 0.012621 seconds 
========================================================================
Received Import Request.
  Time since last request: 0.000142 seconds.
  path: Assets/Robot_Soldier/Textures/Robot_Soldier_BaseColorCamo1.png
  artifactKey: Guid(4db3b414ae8dc9c439619ac9d3036e85) Importer(815301076,1909f56bfc062723c751e8b465ee728b)
Start importing Assets/Robot_Soldier/Textures/Robot_Soldier_BaseColorCamo1.png using Guid(4db3b414ae8dc9c439619ac9d3036e85) Importer(815301076,1909f56bfc062723c751e8b465ee728b)  -> (artifact id: '9044e4fa60f147ff9104e61ca3cd3e71') in 0.023125 seconds 
========================================================================
Received Import Request.
  Time since last request: 0.000202 seconds.
  path: Assets/Robot_Soldier/Textures/Robot_Soldier_BaseColorG.png
  artifactKey: Guid(1d409165d5ec3be458b90c23de8c01ae) Importer(815301076,1909f56bfc062723c751e8b465ee728b)
Start importing Assets/Robot_Soldier/Textures/Robot_Soldier_BaseColorG.png using Guid(1d409165d5ec3be458b90c23de8c01ae) Importer(815301076,1909f56bfc062723c751e8b465ee728b)  -> (artifact id: 'f89535fe9fcee02fe3e550ba1f59fc57') in 0.023116 seconds 
========================================================================
Received Import Request.
  Time since last request: 0.000156 seconds.
  path: Assets/Robot_Soldier/Textures/Robot_Soldier_Roughness.png
  artifactKey: Guid(ce7e0e6714e3af347986b8c775a4ad60) Importer(815301076,1909f56bfc062723c751e8b465ee728b)
Start importing Assets/Robot_Soldier/Textures/Robot_Soldier_Roughness.png using Guid(ce7e0e6714e3af347986b8c775a4ad60) Importer(815301076,1909f56bfc062723c751e8b465ee728b)  -> (artifact id: '36611e5609c882f27595628d13e0b8f7') in 0.017780 seconds 
========================================================================
Received Import Request.
  Time since last request: 0.000125 seconds.
  path: Assets/Robot_Soldier/Textures/Robot_Soldier_BaseColor.png
  artifactKey: Guid(48ac2fbe689566a4c8fd02ee4cf103d5) Importer(815301076,1909f56bfc062723c751e8b465ee728b)
Start importing Assets/Robot_Soldier/Textures/Robot_Soldier_BaseColor.png using Guid(48ac2fbe689566a4c8fd02ee4cf103d5) Importer(815301076,1909f56bfc062723c751e8b465ee728b)  -> (artifact id: 'f34500a7eda76cf6773c111e65d00c35') in 0.018505 seconds 
========================================================================
Received Import Request.
  Time since last request: 0.000221 seconds.
  path: Assets/Robot_Soldier/Textures/Robot_Soldier_BaseColorR.png
  artifactKey: Guid(1dc5649ba5612364ea83aada38b1da24) Importer(815301076,1909f56bfc062723c751e8b465ee728b)
Start importing Assets/Robot_Soldier/Textures/Robot_Soldier_BaseColorR.png using Guid(1dc5649ba5612364ea83aada38b1da24) Importer(815301076,1909f56bfc062723c751e8b465ee728b)  -> (artifact id: 'bdafe255255d7039add142cef23204f8') in 0.023680 seconds 
========================================================================
Received Import Request.
  Time since last request: 0.000136 seconds.
  path: Assets/Robot_Soldier/Textures/Robot_Soldier_BaseColorCamo2.png
  artifactKey: Guid(6a4f0e82d8ca9b842ab28f8e290c5995) Importer(815301076,1909f56bfc062723c751e8b465ee728b)
Start importing Assets/Robot_Soldier/Textures/Robot_Soldier_BaseColorCamo2.png using Guid(6a4f0e82d8ca9b842ab28f8e290c5995) Importer(815301076,1909f56bfc062723c751e8b465ee728b)  -> (artifact id: '7a45d41d63691583d9908cd7c0b26c82') in 0.023720 seconds 
========================================================================
Received Import Request.
  Time since last request: 0.000138 seconds.
  path: Assets/Robot_Soldier/Textures/Robot_Soldier_BaseColorW.png
  artifactKey: Guid(ae9f7cbb11ef5fe4e9c1441f84ab21d4) Importer(815301076,1909f56bfc062723c751e8b465ee728b)
Start importing Assets/Robot_Soldier/Textures/Robot_Soldier_BaseColorW.png using Guid(ae9f7cbb11ef5fe4e9c1441f84ab21d4) Importer(815301076,1909f56bfc062723c751e8b465ee728b)  -> (artifact id: 'd6969fa66af48345a2803d381fd48582') in 0.023565 seconds 
========================================================================
Received Import Request.
  Time since last request: 0.000231 seconds.
  path: Assets/Robot_Soldier/Textures/Robot_Soldier_Height.png
  artifactKey: Guid(d8c949d3272502e4b9aa42e56de6add5) Importer(815301076,1909f56bfc062723c751e8b465ee728b)
Start importing Assets/Robot_Soldier/Textures/Robot_Soldier_Height.png using Guid(d8c949d3272502e4b9aa42e56de6add5) Importer(815301076,1909f56bfc062723c751e8b465ee728b)  -> (artifact id: 'b1b5c86d17928aca8ef3ff41c61d7148') in 0.026873 seconds 
========================================================================
Received Import Request.
  Time since last request: 0.000147 seconds.
  path: Assets/Robot_Soldier/Textures/Rifle_Roughness.png
  artifactKey: Guid(ff20619a2d32a3c48a7ff3bf1e407a47) Importer(815301076,1909f56bfc062723c751e8b465ee728b)
Start importing Assets/Robot_Soldier/Textures/Rifle_Roughness.png using Guid(ff20619a2d32a3c48a7ff3bf1e407a47) Importer(815301076,1909f56bfc062723c751e8b465ee728b)  -> (artifact id: '272d1a17f38deb3c694d232a4cb30b00') in 0.015325 seconds 
========================================================================
Received Import Request.
  Time since last request: 0.000222 seconds.
  path: Assets/Robot_Soldier/Textures/Robot_Soldier_Emissive.png
  artifactKey: Guid(a88731ae8622aa146b34f2f98ea7fdc3) Importer(815301076,1909f56bfc062723c751e8b465ee728b)
Start importing Assets/Robot_Soldier/Textures/Robot_Soldier_Emissive.png using Guid(a88731ae8622aa146b34f2f98ea7fdc3) Importer(815301076,1909f56bfc062723c751e8b465ee728b)  -> (artifact id: '340e0dc5f2134e191c100daf8398b404') in 0.068764 seconds 
========================================================================
Received Import Request.
  Time since last request: 0.000149 seconds.
  path: Assets/Robot_Soldier/Textures/Rifle_Normal.png
  artifactKey: Guid(9265cf4575064f5488b8ba1270b5c313) Importer(815301076,1909f56bfc062723c751e8b465ee728b)
Start importing Assets/Robot_Soldier/Textures/Rifle_Normal.png using Guid(9265cf4575064f5488b8ba1270b5c313) Importer(815301076,1909f56bfc062723c751e8b465ee728b)  -> (artifact id: '333d26895cc70d58cea657698afb73bb') in 0.153056 seconds 
========================================================================
Received Import Request.
  Time since last request: 0.000233 seconds.
  path: Assets/Robot_Soldier/Textures/Rifle_Occlusion.png
  artifactKey: Guid(6b3568bdbef0e3a42973e16672143fcd) Importer(815301076,1909f56bfc062723c751e8b465ee728b)
Start importing Assets/Robot_Soldier/Textures/Rifle_Occlusion.png using Guid(6b3568bdbef0e3a42973e16672143fcd) Importer(815301076,1909f56bfc062723c751e8b465ee728b)  -> (artifact id: 'e906a02a84992844df4203913f4c1f8a') in 0.020132 seconds 
========================================================================
Received Import Request.
  Time since last request: 0.000225 seconds.
  path: Assets/Robot_Soldier/Textures/Robot_Soldier_Metallic.png
  artifactKey: Guid(75f5477ccd7caf44581ab20788ee8290) Importer(815301076,1909f56bfc062723c751e8b465ee728b)
Start importing Assets/Robot_Soldier/Textures/Robot_Soldier_Metallic.png using Guid(75f5477ccd7caf44581ab20788ee8290) Importer(815301076,1909f56bfc062723c751e8b465ee728b)  -> (artifact id: 'fb2d404204d6daea6664a2c2439c94a5') in 0.054335 seconds 
========================================================================
Received Import Request.
  Time since last request: 0.000259 seconds.
  path: Assets/Robot_Soldier/Textures/Robot_Soldier_BaseColorB.png
  artifactKey: Guid(dcff179cd7b5ce545bd33433a9239f66) Importer(815301076,1909f56bfc062723c751e8b465ee728b)
Start importing Assets/Robot_Soldier/Textures/Robot_Soldier_BaseColorB.png using Guid(dcff179cd7b5ce545bd33433a9239f66) Importer(815301076,1909f56bfc062723c751e8b465ee728b)  -> (artifact id: '87a1e6a13a818ccfa0b6e30ec3809294') in 0.039653 seconds 
========================================================================
Received Import Request.
  Time since last request: 0.000267 seconds.
  path: Assets/Robot_Soldier/Textures/Robot_Soldier_Normal.png
  artifactKey: Guid(b47c75e7b1292d74196fe79571385183) Importer(815301076,1909f56bfc062723c751e8b465ee728b)
Start importing Assets/Robot_Soldier/Textures/Robot_Soldier_Normal.png using Guid(b47c75e7b1292d74196fe79571385183) Importer(815301076,1909f56bfc062723c751e8b465ee728b)  -> (artifact id: 'd859e9321b761aeb50d62d2860f9a772') in 0.056356 seconds 
========================================================================
Received Prepare
Registering precompiled user dll's ...
Registered in 0.006015 seconds.
Begin MonoManager ReloadAssembly
Native extension for OSXStandalone target not found
Refreshing native plugins compatible for Editor in 0.46 ms, found 1 plugins.
Preloading 0 native plugins for Editor in 0.00 ms.
Mono: successfully reloaded assembly
- Completed reload, in  1.433 seconds
Platform modules already initialized, skipping
Refreshing native plugins compatible for Editor in 0.44 ms, found 1 plugins.
Preloading 0 native plugins for Editor in 0.00 ms.
Unloading 2679 Unused Serialized files (Serialized files now loaded: 0)
System memory in use before: 366.1 MB.
System memory in use after: 366.3 MB.

Unloading 10 unused Assets to reduce memory usage. Loaded Objects now: 3404.
Total: 2.820317 ms (FindLiveObjects: 0.413749 ms CreateObjectMapping: 0.212506 ms MarkObjects: 2.135387 ms  DeleteObjects: 0.057816 ms)

========================================================================
Received Prepare
Registering precompiled user dll's ...
Registered in 0.001744 seconds.
Begin MonoManager ReloadAssembly
Native extension for OSXStandalone target not found
Refreshing native plugins compatible for Editor in 0.49 ms, found 1 plugins.
Preloading 0 native plugins for Editor in 0.00 ms.
Mono: successfully reloaded assembly
- Completed reload, in  1.014 seconds
Platform modules already initialized, skipping
Refreshing native plugins compatible for Editor in 0.44 ms, found 1 plugins.
Preloading 0 native plugins for Editor in 0.00 ms.
Unloading 2662 Unused Serialized files (Serialized files now loaded: 0)
System memory in use before: 365.8 MB.
System memory in use after: 366.0 MB.

Unloading 10 unused Assets to reduce memory usage. Loaded Objects now: 3408.
Total: 1.927711 ms (FindLiveObjects: 0.241703 ms CreateObjectMapping: 0.114134 ms MarkObjects: 1.512075 ms  DeleteObjects: 0.059041 ms)

========================================================================
Received Import Request.
  Time since last request: 769.264401 seconds.
  path: Assets/Scripts/NewBehaviourScript.cs
  artifactKey: Guid(856c8b683000a4320b64630b537064c8) Importer(815301076,1909f56bfc062723c751e8b465ee728b)
Start importing Assets/Scripts/NewBehaviourScript.cs using Guid(856c8b683000a4320b64630b537064c8) Importer(815301076,1909f56bfc062723c751e8b465ee728b)  -> (artifact id: 'e75dfe4c47b10c81e3adf850cea8e9ee') in 0.302561 seconds 
========================================================================
Received Import Request.
  Time since last request: 8.583050 seconds.
  path: Assets/Scripts/RotateCamera.cs
  artifactKey: Guid(856c8b683000a4320b64630b537064c8) Importer(815301076,1909f56bfc062723c751e8b465ee728b)
Start importing Assets/Scripts/RotateCamera.cs using Guid(856c8b683000a4320b64630b537064c8) Importer(815301076,1909f56bfc062723c751e8b465ee728b)  -> (artifact id: 'f689dfbbfaea616e06cc768777c7471a') in 0.002236 seconds 
========================================================================
Received Prepare
Registering precompiled user dll's ...
Registered in 0.001651 seconds.
Begin MonoManager ReloadAssembly
Native extension for OSXStandalone target not found
Refreshing native plugins compatible for Editor in 0.44 ms, found 1 plugins.
Preloading 0 native plugins for Editor in 0.00 ms.
Mono: successfully reloaded assembly
- Completed reload, in  0.978 seconds
Platform modules already initialized, skipping
Refreshing native plugins compatible for Editor in 0.44 ms, found 1 plugins.
Preloading 0 native plugins for Editor in 0.00 ms.
Unloading 2662 Unused Serialized files (Serialized files now loaded: 0)
System memory in use before: 370.2 MB.
System memory in use after: 370.5 MB.

Unloading 10 unused Assets to reduce memory usage. Loaded Objects now: 3411.
Total: 1.871582 ms (FindLiveObjects: 0.235681 ms CreateObjectMapping: 0.110525 ms MarkObjects: 1.485414 ms  DeleteObjects: 0.039138 ms)

========================================================================
Received Prepare
Registering precompiled user dll's ...
Registered in 0.001809 seconds.
Begin MonoManager ReloadAssembly
Native extension for OSXStandalone target not found
Refreshing native plugins compatible for Editor in 0.44 ms, found 1 plugins.
Preloading 0 native plugins for Editor in 0.00 ms.
Mono: successfully reloaded assembly
- Completed reload, in  0.971 seconds
Platform modules already initialized, skipping
Refreshing native plugins compatible for Editor in 0.44 ms, found 1 plugins.
Preloading 0 native plugins for Editor in 0.00 ms.
Unloading 2662 Unused Serialized files (Serialized files now loaded: 0)
System memory in use before: 370.5 MB.
System memory in use after: 370.7 MB.

Unloading 10 unused Assets to reduce memory usage. Loaded Objects now: 3414.
Total: 3.256351 ms (FindLiveObjects: 0.230560 ms CreateObjectMapping: 0.086193 ms MarkObjects: 2.821410 ms  DeleteObjects: 0.116237 ms)

========================================================================
Received Import Request.
  Time since last request: 299.712316 seconds.
  path: Assets/Scripts/RotateCamera.cs
  artifactKey: Guid(856c8b683000a4320b64630b537064c8) Importer(815301076,1909f56bfc062723c751e8b465ee728b)
Start importing Assets/Scripts/RotateCamera.cs using Guid(856c8b683000a4320b64630b537064c8) Importer(815301076,1909f56bfc062723c751e8b465ee728b)  -> (artifact id: '237df15be4495d4c046d0a70607d7c02') in 0.005451 seconds 
AssetImportWorkerClient::OnTransportError - code=2 error=End of file
